This file contains any messages produced by compilers while
running configure, to aid debugging if configure makes a mistake.

It was created by "METCO" configure 0.54, which was
generated by GNU Autoconf 2.69.  Invocation command line was

  $ ./configure 

## --------- ##
## Platform. ##
## --------- ##

hostname = centella
uname -m = x86_64
uname -r = 3.2.0-4-amd64
uname -s = Linux
uname -v = #1 SMP Debian 3.2.60-1+deb7u3

/usr/bin/uname -p = unknown
/bin/uname -X     = unknown

/bin/arch              = unknown
/usr/bin/arch -k       = unknown
/usr/convex/getsysinfo = unknown
/usr/bin/hostinfo      = unknown
/bin/machine           = unknown
/usr/bin/oslevel       = unknown
/bin/universe          = unknown

PATH: /usr/local/bin
PATH: /usr/bin
PATH: /bin
PATH: /usr/local/games
PATH: /usr/games


## ----------- ##
## Core tests. ##
## ----------- ##

configure:2309: checking for a BSD-compatible install
configure:2377: result: /usr/bin/install -c
configure:2388: checking whether build environment is sane
configure:2438: result: yes
configure:2579: checking for a thread-safe mkdir -p
configure:2618: result: /bin/mkdir -p
configure:2631: checking for gawk
configure:2661: result: no
configure:2631: checking for mawk
configure:2647: found /usr/bin/mawk
configure:2658: result: mawk
configure:2669: checking whether make sets $(MAKE)
configure:2691: result: yes
configure:2778: checking for gawk
configure:2805: result: mawk
configure:2820: checking for bison
configure:2836: found /usr/bin/bison
configure:2847: result: bison -y
configure:2917: checking for g++
configure:2933: found /usr/bin/g++
configure:2944: result: g++
configure:2971: checking for C++ compiler version
configure:2980: g++ --version >&5
g++ (Debian 4.7.2-5) 4.7.2
Copyright (C) 2012 Free Software Foundation, Inc.
This is free software; see the source for copying conditions.  There is NO
warranty; not even for MERCHANTABILITY or FITNESS FOR A PARTICULAR PURPOSE.

configure:2991: $? = 0
configure:2980: g++ -v >&5
Using built-in specs.
COLLECT_GCC=g++
COLLECT_LTO_WRAPPER=/usr/lib/gcc/x86_64-linux-gnu/4.7/lto-wrapper
Target: x86_64-linux-gnu
Configured with: ../src/configure -v --with-pkgversion='Debian 4.7.2-5' --with-bugurl=file:///usr/share/doc/gcc-4.7/README.Bugs --enable-languages=c,c++,go,fortran,objc,obj-c++ --prefix=/usr --program-suffix=-4.7 --enable-shared --enable-linker-build-id --with-system-zlib --libexecdir=/usr/lib --without-included-gettext --enable-threads=posix --with-gxx-include-dir=/usr/include/c++/4.7 --libdir=/usr/lib --enable-nls --with-sysroot=/ --enable-clocale=gnu --enable-libstdcxx-debug --enable-libstdcxx-time=yes --enable-gnu-unique-object --enable-plugin --enable-objc-gc --with-arch-32=i586 --with-tune=generic --enable-checking=release --build=x86_64-linux-gnu --host=x86_64-linux-gnu --target=x86_64-linux-gnu
Thread model: posix
gcc version 4.7.2 (Debian 4.7.2-5) 
configure:2991: $? = 0
configure:2980: g++ -V >&5
g++: error: unrecognized command line option '-V'
g++: fatal error: no input files
compilation terminated.
configure:2991: $? = 4
configure:2980: g++ -qversion >&5
g++: error: unrecognized command line option '-qversion'
g++: fatal error: no input files
compilation terminated.
configure:2991: $? = 4
configure:3011: checking whether the C++ compiler works
configure:3033: g++    conftest.cpp  >&5
configure:3037: $? = 0
configure:3085: result: yes
configure:3088: checking for C++ compiler default output file name
configure:3090: result: a.out
configure:3096: checking for suffix of executables
configure:3103: g++ -o conftest    conftest.cpp  >&5
configure:3107: $? = 0
configure:3129: result: 
configure:3151: checking whether we are cross compiling
configure:3159: g++ -o conftest    conftest.cpp  >&5
configure:3163: $? = 0
configure:3170: ./conftest
configure:3174: $? = 0
configure:3189: result: no
configure:3194: checking for suffix of object files
configure:3216: g++ -c   conftest.cpp >&5
configure:3220: $? = 0
configure:3241: result: o
configure:3245: checking whether we are using the GNU C++ compiler
configure:3264: g++ -c   conftest.cpp >&5
configure:3264: $? = 0
configure:3273: result: yes
configure:3282: checking whether g++ accepts -g
configure:3302: g++ -c -g  conftest.cpp >&5
configure:3302: $? = 0
configure:3343: result: yes
configure:3377: checking for style of include used by make
configure:3405: result: GNU
configure:3431: checking dependency style of g++
configure:3542: result: gcc3
configure:3605: checking for gcc
configure:3621: found /usr/bin/gcc
configure:3632: result: gcc
configure:3861: checking for C compiler version
configure:3870: gcc --version >&5
gcc (Debian 4.7.2-5) 4.7.2
Copyright (C) 2012 Free Software Foundation, Inc.
This is free software; see the source for copying conditions.  There is NO
warranty; not even for MERCHANTABILITY or FITNESS FOR A PARTICULAR PURPOSE.

configure:3881: $? = 0
configure:3870: gcc -v >&5
Using built-in specs.
COLLECT_GCC=gcc
COLLECT_LTO_WRAPPER=/usr/lib/gcc/x86_64-linux-gnu/4.7/lto-wrapper
Target: x86_64-linux-gnu
Configured with: ../src/configure -v --with-pkgversion='Debian 4.7.2-5' --with-bugurl=file:///usr/share/doc/gcc-4.7/README.Bugs --enable-languages=c,c++,go,fortran,objc,obj-c++ --prefix=/usr --program-suffix=-4.7 --enable-shared --enable-linker-build-id --with-system-zlib --libexecdir=/usr/lib --without-included-gettext --enable-threads=posix --with-gxx-include-dir=/usr/include/c++/4.7 --libdir=/usr/lib --enable-nls --with-sysroot=/ --enable-clocale=gnu --enable-libstdcxx-debug --enable-libstdcxx-time=yes --enable-gnu-unique-object --enable-plugin --enable-objc-gc --with-arch-32=i586 --with-tune=generic --enable-checking=release --build=x86_64-linux-gnu --host=x86_64-linux-gnu --target=x86_64-linux-gnu
Thread model: posix
gcc version 4.7.2 (Debian 4.7.2-5) 
configure:3881: $? = 0
configure:3870: gcc -V >&5
gcc: error: unrecognized command line option '-V'
gcc: fatal error: no input files
compilation terminated.
configure:3881: $? = 4
configure:3870: gcc -qversion >&5
gcc: error: unrecognized command line option '-qversion'
gcc: fatal error: no input files
compilation terminated.
configure:3881: $? = 4
configure:3885: checking whether we are using the GNU C compiler
configure:3904: gcc -c   conftest.c >&5
configure:3904: $? = 0
configure:3913: result: yes
configure:3922: checking whether gcc accepts -g
configure:3942: gcc -c -g  conftest.c >&5
configure:3942: $? = 0
configure:3983: result: yes
configure:4000: checking for gcc option to accept ISO C89
configure:4063: gcc  -c -g -O2  conftest.c >&5
configure:4063: $? = 0
configure:4076: result: none needed
configure:4098: checking dependency style of gcc
configure:4209: result: gcc3
configure:4229: checking for flex
configure:4259: result: no
configure:4229: checking for lex
configure:4259: result: no
configure:4387: checking for 
configure:4418: result: 1
configure:4427: checking for 
configure:4441: result: no
configure:4467: checking for mpiCC
configure:4485: found /usr/bin/mpiCC
configure:4498: result: /usr/bin/mpiCC
configure:4530: checking whether make sets $(MAKE)
configure:4552: result: yes
configure:4565: checking for metco in -ldl
configure:4590: gcc -o conftest -g -O2   conftest.c -ldl   >&5
/tmp/ccrRGIdm.o: In function `main':
/home/edusegre/oplink/algorithms/team/src/skeleton/main/conftest.c:22: undefined reference to `metco'
collect2: error: ld returned 1 exit status
configure:4590: $? = 1
configure: failed program was:
| /* confdefs.h */
| #define PACKAGE_NAME ""METCO""
| #define PACKAGE_TARNAME "-metco-"
| #define PACKAGE_VERSION "0.54"
| #define PACKAGE_STRING ""METCO" 0.54"
| #define PACKAGE_BUGREPORT ""
| #define PACKAGE_URL ""
| #define PACKAGE "metco"
| #define VERSION "0.54"
| /* end confdefs.h.  */
| 
| /* Override any GCC internal prototype to avoid an error.
|    Use char because int might match the return type of a GCC
|    builtin and then its argument prototype would still apply.  */
| #ifdef __cplusplus
| extern "C"
| #endif
| char metco ();
| int
| main ()
| {
| return metco ();
|   ;
|   return 0;
| }
configure:4599: result: no
configure:4617: checking how to run the C preprocessor
configure:4648: gcc -E  conftest.c
configure:4648: $? = 0
configure:4662: gcc -E  conftest.c
conftest.c:11:28: fatal error: ac_nonexistent.h: No such file or directory
compilation terminated.
configure:4662: $? = 1
configure: failed program was:
| /* confdefs.h */
| #define PACKAGE_NAME ""METCO""
| #define PACKAGE_TARNAME "-metco-"
| #define PACKAGE_VERSION "0.54"
| #define PACKAGE_STRING ""METCO" 0.54"
| #define PACKAGE_BUGREPORT ""
| #define PACKAGE_URL ""
| #define PACKAGE "metco"
| #define VERSION "0.54"
| /* end confdefs.h.  */
| #include <ac_nonexistent.h>
configure:4687: result: gcc -E
configure:4707: gcc -E  conftest.c
configure:4707: $? = 0
configure:4721: gcc -E  conftest.c
conftest.c:11:28: fatal error: ac_nonexistent.h: No such file or directory
compilation terminated.
configure:4721: $? = 1
configure: failed program was:
| /* confdefs.h */
| #define PACKAGE_NAME ""METCO""
| #define PACKAGE_TARNAME "-metco-"
| #define PACKAGE_VERSION "0.54"
| #define PACKAGE_STRING ""METCO" 0.54"
| #define PACKAGE_BUGREPORT ""
| #define PACKAGE_URL ""
| #define PACKAGE "metco"
| #define VERSION "0.54"
| /* end confdefs.h.  */
| #include <ac_nonexistent.h>
configure:4750: checking for grep that handles long lines and -e
configure:4808: result: /bin/grep
configure:4813: checking for egrep
configure:4875: result: /bin/grep -E
configure:4880: checking for ANSI C header files
configure:4900: gcc -c -g -O2  conftest.c >&5
configure:4900: $? = 0
configure:4973: gcc -o conftest -g -O2   conftest.c  >&5
configure:4973: $? = 0
configure:4973: ./conftest
configure:4973: $? = 0
configure:4984: result: yes
configure:4992: checking for sys/wait.h that is POSIX.1 compatible
configure:5018: gcc -c -g -O2  conftest.c >&5
configure:5018: $? = 0
configure:5025: result: yes
configure:5038: checking for sys/types.h
configure:5038: gcc -c -g -O2  conftest.c >&5
configure:5038: $? = 0
configure:5038: result: yes
configure:5038: checking for sys/stat.h
configure:5038: gcc -c -g -O2  conftest.c >&5
configure:5038: $? = 0
configure:5038: result: yes
configure:5038: checking for stdlib.h
configure:5038: gcc -c -g -O2  conftest.c >&5
configure:5038: $? = 0
configure:5038: result: yes
configure:5038: checking for string.h
configure:5038: gcc -c -g -O2  conftest.c >&5
configure:5038: $? = 0
configure:5038: result: yes
configure:5038: checking for memory.h
configure:5038: gcc -c -g -O2  conftest.c >&5
configure:5038: $? = 0
configure:5038: result: yes
configure:5038: checking for strings.h
configure:5038: gcc -c -g -O2  conftest.c >&5
configure:5038: $? = 0
configure:5038: result: yes
configure:5038: checking for inttypes.h
configure:5038: gcc -c -g -O2  conftest.c >&5
configure:5038: $? = 0
configure:5038: result: yes
configure:5038: checking for stdint.h
configure:5038: gcc -c -g -O2  conftest.c >&5
configure:5038: $? = 0
configure:5038: result: yes
configure:5038: checking for unistd.h
configure:5038: gcc -c -g -O2  conftest.c >&5
configure:5038: $? = 0
configure:5038: result: yes
configure:5053: checking float.h usability
configure:5053: gcc -c -g -O2  conftest.c >&5
configure:5053: $? = 0
configure:5053: result: yes
configure:5053: checking float.h presence
configure:5053: gcc -E  conftest.c
configure:5053: $? = 0
configure:5053: result: yes
configure:5053: checking for float.h
configure:5053: result: yes
configure:5053: checking limits.h usability
configure:5053: gcc -c -g -O2  conftest.c >&5
configure:5053: $? = 0
configure:5053: result: yes
configure:5053: checking limits.h presence
configure:5053: gcc -E  conftest.c
configure:5053: $? = 0
configure:5053: result: yes
configure:5053: checking for limits.h
configure:5053: result: yes
configure:5053: checking for stdlib.h
configure:5053: result: yes
configure:5053: checking for string.h
configure:5053: result: yes
configure:5053: checking for strings.h
configure:5053: result: yes
configure:5053: checking sys/time.h usability
configure:5053: gcc -c -g -O2  conftest.c >&5
configure:5053: $? = 0
configure:5053: result: yes
configure:5053: checking sys/time.h presence
configure:5053: gcc -E  conftest.c
configure:5053: $? = 0
configure:5053: result: yes
configure:5053: checking for sys/time.h
configure:5053: result: yes
configure:5053: checking for unistd.h
configure:5053: result: yes
configure:5065: checking for stdbool.h that conforms to C99
configure:5132: gcc -c -g -O2  conftest.c >&5
configure:5132: $? = 0
configure:5139: result: yes
configure:5141: checking for _Bool
configure:5141: gcc -c -g -O2  conftest.c >&5
configure:5141: $? = 0
configure:5141: gcc -c -g -O2  conftest.c >&5
conftest.c: In function 'main':
conftest.c:65:20: error: expected expression before ')' token
configure:5141: $? = 1
configure: failed program was:
| /* confdefs.h */
| #define PACKAGE_NAME ""METCO""
| #define PACKAGE_TARNAME "-metco-"
| #define PACKAGE_VERSION "0.54"
| #define PACKAGE_STRING ""METCO" 0.54"
| #define PACKAGE_BUGREPORT ""
| #define PACKAGE_URL ""
| #define PACKAGE "metco"
| #define VERSION "0.54"
| #define STDC_HEADERS 1
| #define HAVE_SYS_WAIT_H 1
| #define HAVE_SYS_TYPES_H 1
| #define HAVE_SYS_STAT_H 1
| #define HAVE_STDLIB_H 1
| #define HAVE_STRING_H 1
| #define HAVE_MEMORY_H 1
| #define HAVE_STRINGS_H 1
| #define HAVE_INTTYPES_H 1
| #define HAVE_STDINT_H 1
| #define HAVE_UNISTD_H 1
| #define HAVE_FLOAT_H 1
| #define HAVE_LIMITS_H 1
| #define HAVE_STDLIB_H 1
| #define HAVE_STRING_H 1
| #define HAVE_STRINGS_H 1
| #define HAVE_SYS_TIME_H 1
| #define HAVE_UNISTD_H 1
| /* end confdefs.h.  */
| #include <stdio.h>
| #ifdef HAVE_SYS_TYPES_H
| # include <sys/types.h>
| #endif
| #ifdef HAVE_SYS_STAT_H
| # include <sys/stat.h>
| #endif
| #ifdef STDC_HEADERS
| # include <stdlib.h>
| # include <stddef.h>
| #else
| # ifdef HAVE_STDLIB_H
| #  include <stdlib.h>
| # endif
| #endif
| #ifdef HAVE_STRING_H
| # if !defined STDC_HEADERS && defined HAVE_MEMORY_H
| #  include <memory.h>
| # endif
| # include <string.h>
| #endif
| #ifdef HAVE_STRINGS_H
| # include <strings.h>
| #endif
| #ifdef HAVE_INTTYPES_H
| # include <inttypes.h>
| #endif
| #ifdef HAVE_STDINT_H
| # include <stdint.h>
| #endif
| #ifdef HAVE_UNISTD_H
| # include <unistd.h>
| #endif
| int
| main ()
| {
| if (sizeof ((_Bool)))
| 	    return 0;
|   ;
|   return 0;
| }
configure:5141: result: yes
configure:5158: checking for an ANSI C-conforming const
configure:5224: gcc -c -g -O2  conftest.c >&5
configure:5224: $? = 0
configure:5231: result: yes
configure:5239: checking for inline
configure:5255: gcc -c -g -O2  conftest.c >&5
configure:5255: $? = 0
configure:5263: result: inline
configure:5281: checking whether time.h and sys/time.h may both be included
configure:5301: gcc -c -g -O2  conftest.c >&5
configure:5301: $? = 0
configure:5308: result: yes
configure:5320: checking for stdlib.h
configure:5320: result: yes
configure:5330: checking for GNU libc compatible malloc
configure:5354: gcc -o conftest -g -O2   conftest.c  >&5
configure:5354: $? = 0
configure:5354: ./conftest
configure:5354: $? = 0
configure:5364: result: yes
configure:5387: checking for stdlib.h
configure:5387: result: yes
configure:5397: checking for GNU libc compatible realloc
configure:5421: gcc -o conftest -g -O2   conftest.c  >&5
configure:5421: $? = 0
configure:5421: ./conftest
configure:5421: $? = 0
configure:5431: result: yes
configure:5452: checking for working strtod
configure:5493: gcc -o conftest -g -O2   conftest.c  >&5
configure:5493: $? = 0
configure:5493: ./conftest
configure:5493: $? = 0
configure:5503: result: yes
configure:5567: checking for vprintf
configure:5567: gcc -o conftest -g -O2   conftest.c  >&5
conftest.c:59:6: warning: conflicting types for built-in function 'vprintf' [enabled by default]
configure:5567: $? = 0
configure:5567: result: yes
configure:5573: checking for _doprnt
configure:5573: gcc -o conftest -g -O2   conftest.c  >&5
/tmp/ccolkJzJ.o: In function `main':
/home/edusegre/oplink/algorithms/team/src/skeleton/main/conftest.c:71: undefined reference to `_doprnt'
collect2: error: ld returned 1 exit status
configure:5573: $? = 1
configure: failed program was:
| /* confdefs.h */
| #define PACKAGE_NAME ""METCO""
| #define PACKAGE_TARNAME "-metco-"
| #define PACKAGE_VERSION "0.54"
| #define PACKAGE_STRING ""METCO" 0.54"
| #define PACKAGE_BUGREPORT ""
| #define PACKAGE_URL ""
| #define PACKAGE "metco"
| #define VERSION "0.54"
| #define STDC_HEADERS 1
| #define HAVE_SYS_WAIT_H 1
| #define HAVE_SYS_TYPES_H 1
| #define HAVE_SYS_STAT_H 1
| #define HAVE_STDLIB_H 1
| #define HAVE_STRING_H 1
| #define HAVE_MEMORY_H 1
| #define HAVE_STRINGS_H 1
| #define HAVE_INTTYPES_H 1
| #define HAVE_STDINT_H 1
| #define HAVE_UNISTD_H 1
| #define HAVE_FLOAT_H 1
| #define HAVE_LIMITS_H 1
| #define HAVE_STDLIB_H 1
| #define HAVE_STRING_H 1
| #define HAVE_STRINGS_H 1
| #define HAVE_SYS_TIME_H 1
| #define HAVE_UNISTD_H 1
| #define HAVE__BOOL 1
| #define HAVE_STDBOOL_H 1
| #define TIME_WITH_SYS_TIME 1
| #define HAVE_STDLIB_H 1
| #define HAVE_MALLOC 1
| #define HAVE_STDLIB_H 1
| #define HAVE_REALLOC 1
| #define HAVE_VPRINTF 1
| /* end confdefs.h.  */
| /* Define _doprnt to an innocuous variant, in case <limits.h> declares _doprnt.
|    For example, HP-UX 11i <limits.h> declares gettimeofday.  */
| #define _doprnt innocuous__doprnt
| 
| /* System header to define __stub macros and hopefully few prototypes,
|     which can conflict with char _doprnt (); below.
|     Prefer <limits.h> to <assert.h> if __STDC__ is defined, since
|     <limits.h> exists even on freestanding compilers.  */
| 
| #ifdef __STDC__
| # include <limits.h>
| #else
| # include <assert.h>
| #endif
| 
| #undef _doprnt
| 
| /* Override any GCC internal prototype to avoid an error.
|    Use char because int might match the return type of a GCC
|    builtin and then its argument prototype would still apply.  */
| #ifdef __cplusplus
| extern "C"
| #endif
| char _doprnt ();
| /* The GNU C library defines this for functions which it implements
|     to always fail with ENOSYS.  Some functions are actually named
|     something starting with __ and the normal name is an alias.  */
| #if defined __stub__doprnt || defined __stub____doprnt
| choke me
| #endif
| 
| int
| main ()
| {
| return _doprnt ();
|   ;
|   return 0;
| }
configure:5573: result: no
configure:5587: checking for floor
configure:5587: gcc -o conftest -g -O2   conftest.c  >&5
conftest.c:60:6: warning: conflicting types for built-in function 'floor' [enabled by default]
/tmp/cci9s1RK.o: In function `main':
/home/edusegre/oplink/algorithms/team/src/skeleton/main/conftest.c:71: undefined reference to `floor'
collect2: error: ld returned 1 exit status
configure:5587: $? = 1
configure: failed program was:
| /* confdefs.h */
| #define PACKAGE_NAME ""METCO""
| #define PACKAGE_TARNAME "-metco-"
| #define PACKAGE_VERSION "0.54"
| #define PACKAGE_STRING ""METCO" 0.54"
| #define PACKAGE_BUGREPORT ""
| #define PACKAGE_URL ""
| #define PACKAGE "metco"
| #define VERSION "0.54"
| #define STDC_HEADERS 1
| #define HAVE_SYS_WAIT_H 1
| #define HAVE_SYS_TYPES_H 1
| #define HAVE_SYS_STAT_H 1
| #define HAVE_STDLIB_H 1
| #define HAVE_STRING_H 1
| #define HAVE_MEMORY_H 1
| #define HAVE_STRINGS_H 1
| #define HAVE_INTTYPES_H 1
| #define HAVE_STDINT_H 1
| #define HAVE_UNISTD_H 1
| #define HAVE_FLOAT_H 1
| #define HAVE_LIMITS_H 1
| #define HAVE_STDLIB_H 1
| #define HAVE_STRING_H 1
| #define HAVE_STRINGS_H 1
| #define HAVE_SYS_TIME_H 1
| #define HAVE_UNISTD_H 1
| #define HAVE__BOOL 1
| #define HAVE_STDBOOL_H 1
| #define TIME_WITH_SYS_TIME 1
| #define HAVE_STDLIB_H 1
| #define HAVE_MALLOC 1
| #define HAVE_STDLIB_H 1
| #define HAVE_REALLOC 1
| #define HAVE_VPRINTF 1
| /* end confdefs.h.  */
| /* Define floor to an innocuous variant, in case <limits.h> declares floor.
|    For example, HP-UX 11i <limits.h> declares gettimeofday.  */
| #define floor innocuous_floor
| 
| /* System header to define __stub macros and hopefully few prototypes,
|     which can conflict with char floor (); below.
|     Prefer <limits.h> to <assert.h> if __STDC__ is defined, since
|     <limits.h> exists even on freestanding compilers.  */
| 
| #ifdef __STDC__
| # include <limits.h>
| #else
| # include <assert.h>
| #endif
| 
| #undef floor
| 
| /* Override any GCC internal prototype to avoid an error.
|    Use char because int might match the return type of a GCC
|    builtin and then its argument prototype would still apply.  */
| #ifdef __cplusplus
| extern "C"
| #endif
| char floor ();
| /* The GNU C library defines this for functions which it implements
|     to always fail with ENOSYS.  Some functions are actually named
|     something starting with __ and the normal name is an alias.  */
| #if defined __stub_floor || defined __stub___floor
| choke me
| #endif
| 
| int
| main ()
| {
| return floor ();
|   ;
|   return 0;
| }
configure:5587: result: no
configure:5587: checking for gettimeofday
configure:5587: gcc -o conftest -g -O2   conftest.c  >&5
configure:5587: $? = 0
configure:5587: result: yes
configure:5587: checking for mkdir
configure:5587: gcc -o conftest -g -O2   conftest.c  >&5
configure:5587: $? = 0
configure:5587: result: yes
configure:5587: checking for pow
configure:5587: gcc -o conftest -g -O2   conftest.c  >&5
conftest.c:62:6: warning: conflicting types for built-in function 'pow' [enabled by default]
/tmp/cc9ftQEY.o: In function `main':
/home/edusegre/oplink/algorithms/team/src/skeleton/main/conftest.c:73: undefined reference to `pow'
collect2: error: ld returned 1 exit status
configure:5587: $? = 1
configure: failed program was:
| /* confdefs.h */
| #define PACKAGE_NAME ""METCO""
| #define PACKAGE_TARNAME "-metco-"
| #define PACKAGE_VERSION "0.54"
| #define PACKAGE_STRING ""METCO" 0.54"
| #define PACKAGE_BUGREPORT ""
| #define PACKAGE_URL ""
| #define PACKAGE "metco"
| #define VERSION "0.54"
| #define STDC_HEADERS 1
| #define HAVE_SYS_WAIT_H 1
| #define HAVE_SYS_TYPES_H 1
| #define HAVE_SYS_STAT_H 1
| #define HAVE_STDLIB_H 1
| #define HAVE_STRING_H 1
| #define HAVE_MEMORY_H 1
| #define HAVE_STRINGS_H 1
| #define HAVE_INTTYPES_H 1
| #define HAVE_STDINT_H 1
| #define HAVE_UNISTD_H 1
| #define HAVE_FLOAT_H 1
| #define HAVE_LIMITS_H 1
| #define HAVE_STDLIB_H 1
| #define HAVE_STRING_H 1
| #define HAVE_STRINGS_H 1
| #define HAVE_SYS_TIME_H 1
| #define HAVE_UNISTD_H 1
| #define HAVE__BOOL 1
| #define HAVE_STDBOOL_H 1
| #define TIME_WITH_SYS_TIME 1
| #define HAVE_STDLIB_H 1
| #define HAVE_MALLOC 1
| #define HAVE_STDLIB_H 1
| #define HAVE_REALLOC 1
| #define HAVE_VPRINTF 1
| #define HAVE_GETTIMEOFDAY 1
| #define HAVE_MKDIR 1
| /* end confdefs.h.  */
| /* Define pow to an innocuous variant, in case <limits.h> declares pow.
|    For example, HP-UX 11i <limits.h> declares gettimeofday.  */
| #define pow innocuous_pow
| 
| /* System header to define __stub macros and hopefully few prototypes,
|     which can conflict with char pow (); below.
|     Prefer <limits.h> to <assert.h> if __STDC__ is defined, since
|     <limits.h> exists even on freestanding compilers.  */
| 
| #ifdef __STDC__
| # include <limits.h>
| #else
| # include <assert.h>
| #endif
| 
| #undef pow
| 
| /* Override any GCC internal prototype to avoid an error.
|    Use char because int might match the return type of a GCC
|    builtin and then its argument prototype would still apply.  */
| #ifdef __cplusplus
| extern "C"
| #endif
| char pow ();
| /* The GNU C library defines this for functions which it implements
|     to always fail with ENOSYS.  Some functions are actually named
|     something starting with __ and the normal name is an alias.  */
| #if defined __stub_pow || defined __stub___pow
| choke me
| #endif
| 
| int
| main ()
| {
| return pow ();
|   ;
|   return 0;
| }
configure:5587: result: no
configure:5587: checking for sqrt
configure:5587: gcc -o conftest -g -O2   conftest.c  >&5
conftest.c:62:6: warning: conflicting types for built-in function 'sqrt' [enabled by default]
/tmp/ccafnY10.o: In function `main':
/home/edusegre/oplink/algorithms/team/src/skeleton/main/conftest.c:73: undefined reference to `sqrt'
collect2: error: ld returned 1 exit status
configure:5587: $? = 1
configure: failed program was:
| /* confdefs.h */
| #define PACKAGE_NAME ""METCO""
| #define PACKAGE_TARNAME "-metco-"
| #define PACKAGE_VERSION "0.54"
| #define PACKAGE_STRING ""METCO" 0.54"
| #define PACKAGE_BUGREPORT ""
| #define PACKAGE_URL ""
| #define PACKAGE "metco"
| #define VERSION "0.54"
| #define STDC_HEADERS 1
| #define HAVE_SYS_WAIT_H 1
| #define HAVE_SYS_TYPES_H 1
| #define HAVE_SYS_STAT_H 1
| #define HAVE_STDLIB_H 1
| #define HAVE_STRING_H 1
| #define HAVE_MEMORY_H 1
| #define HAVE_STRINGS_H 1
| #define HAVE_INTTYPES_H 1
| #define HAVE_STDINT_H 1
| #define HAVE_UNISTD_H 1
| #define HAVE_FLOAT_H 1
| #define HAVE_LIMITS_H 1
| #define HAVE_STDLIB_H 1
| #define HAVE_STRING_H 1
| #define HAVE_STRINGS_H 1
| #define HAVE_SYS_TIME_H 1
| #define HAVE_UNISTD_H 1
| #define HAVE__BOOL 1
| #define HAVE_STDBOOL_H 1
| #define TIME_WITH_SYS_TIME 1
| #define HAVE_STDLIB_H 1
| #define HAVE_MALLOC 1
| #define HAVE_STDLIB_H 1
| #define HAVE_REALLOC 1
| #define HAVE_VPRINTF 1
| #define HAVE_GETTIMEOFDAY 1
| #define HAVE_MKDIR 1
| /* end confdefs.h.  */
| /* Define sqrt to an innocuous variant, in case <limits.h> declares sqrt.
|    For example, HP-UX 11i <limits.h> declares gettimeofday.  */
| #define sqrt innocuous_sqrt
| 
| /* System header to define __stub macros and hopefully few prototypes,
|     which can conflict with char sqrt (); below.
|     Prefer <limits.h> to <assert.h> if __STDC__ is defined, since
|     <limits.h> exists even on freestanding compilers.  */
| 
| #ifdef __STDC__
| # include <limits.h>
| #else
| # include <assert.h>
| #endif
| 
| #undef sqrt
| 
| /* Override any GCC internal prototype to avoid an error.
|    Use char because int might match the return type of a GCC
|    builtin and then its argument prototype would still apply.  */
| #ifdef __cplusplus
| extern "C"
| #endif
| char sqrt ();
| /* The GNU C library defines this for functions which it implements
|     to always fail with ENOSYS.  Some functions are actually named
|     something starting with __ and the normal name is an alias.  */
| #if defined __stub_sqrt || defined __stub___sqrt
| choke me
| #endif
| 
| int
| main ()
| {
| return sqrt ();
|   ;
|   return 0;
| }
configure:5587: result: no
configure:5587: checking for strcasecmp
configure:5587: gcc -o conftest -g -O2   conftest.c  >&5
conftest.c:62:6: warning: conflicting types for built-in function 'strcasecmp' [enabled by default]
configure:5587: $? = 0
configure:5587: result: yes
configure:5587: checking for strerror
configure:5587: gcc -o conftest -g -O2   conftest.c  >&5
configure:5587: $? = 0
configure:5587: result: yes
configure:5749: creating ./config.status

## ---------------------- ##
## Running config.status. ##
## ---------------------- ##

This file was extended by METCO config.status 0.54, which was
generated by GNU Autoconf 2.69.  Invocation command line was

  CONFIG_FILES    = 
  CONFIG_HEADERS  = 
  CONFIG_LINKS    = 
  CONFIG_COMMANDS = 
  $ ./config.status 

on centella

config.status:892: creating Makefile
config.status:892: creating configureFiles/config.h
config.status:1073: configureFiles/config.h is unchanged
config.status:1121: executing depfiles commands

## ---------------- ##
## Cache variables. ##
## ---------------- ##

ac_cv_c_compiler_gnu=yes
ac_cv_c_const=yes
ac_cv_c_inline=inline
ac_cv_cxx_compiler_gnu=yes
ac_cv_env_CCC_set=
ac_cv_env_CCC_value=
ac_cv_env_CC_set=
ac_cv_env_CC_value=
ac_cv_env_CFLAGS_set=
ac_cv_env_CFLAGS_value=
ac_cv_env_CPPFLAGS_set=
ac_cv_env_CPPFLAGS_value=
ac_cv_env_CPP_set=
ac_cv_env_CPP_value=
ac_cv_env_CXXFLAGS_set=
ac_cv_env_CXXFLAGS_value=
ac_cv_env_CXX_set=
ac_cv_env_CXX_value=
ac_cv_env_LDFLAGS_set=
ac_cv_env_LDFLAGS_value=
ac_cv_env_LIBS_set=
ac_cv_env_LIBS_value=
ac_cv_env_YACC_set=
ac_cv_env_YACC_value=
ac_cv_env_YFLAGS_set=
ac_cv_env_YFLAGS_value=
ac_cv_env_build_alias_set=
ac_cv_env_build_alias_value=
ac_cv_env_host_alias_set=
ac_cv_env_host_alias_value=
ac_cv_env_mpi_set=
ac_cv_env_mpi_value=
ac_cv_env_plugin_path_set=
ac_cv_env_plugin_path_value=
ac_cv_env_target_alias_set=
ac_cv_env_target_alias_value=
ac_cv_file_=no
ac_cv_func__doprnt=no
ac_cv_func_floor=no
ac_cv_func_gettimeofday=yes
ac_cv_func_malloc_0_nonnull=yes
ac_cv_func_mkdir=yes
ac_cv_func_pow=no
ac_cv_func_realloc_0_nonnull=yes
ac_cv_func_sqrt=no
ac_cv_func_strcasecmp=yes
ac_cv_func_strerror=yes
ac_cv_func_strtod=yes
ac_cv_func_vprintf=yes
ac_cv_header_float_h=yes
ac_cv_header_inttypes_h=yes
ac_cv_header_limits_h=yes
ac_cv_header_memory_h=yes
ac_cv_header_stdbool_h=yes
ac_cv_header_stdc=yes
ac_cv_header_stdint_h=yes
ac_cv_header_stdlib_h=yes
ac_cv_header_string_h=yes
ac_cv_header_strings_h=yes
ac_cv_header_sys_stat_h=yes
ac_cv_header_sys_time_h=yes
ac_cv_header_sys_types_h=yes
ac_cv_header_sys_wait_h=yes
ac_cv_header_time=yes
ac_cv_header_unistd_h=yes
ac_cv_lib_dl_metco=no
ac_cv_objext=o
ac_cv_path_EGREP='/bin/grep -E'
ac_cv_path_ExistsMpiCC=/usr/bin/mpiCC
ac_cv_path_ExistsVersMPI=1
ac_cv_path_GREP=/bin/grep
ac_cv_path_install='/usr/bin/install -c'
ac_cv_path_mkdir=/bin/mkdir
ac_cv_prog_AWK=mawk
ac_cv_prog_CPP='gcc -E'
ac_cv_prog_YACC='bison -y'
ac_cv_prog_ac_ct_CC=gcc
ac_cv_prog_ac_ct_CXX=g++
ac_cv_prog_cc_c89=
ac_cv_prog_cc_g=yes
ac_cv_prog_cxx_g=yes
ac_cv_prog_make_make_set=yes
ac_cv_type__Bool=yes
am_cv_CC_dependencies_compiler_type=gcc3
am_cv_CXX_dependencies_compiler_type=gcc3

## ----------------- ##
## Output variables. ##
## ----------------- ##

ACLOCAL='${SHELL} /home/edusegre/oplink/algorithms/team/src/skeleton/main/configureFiles/missing --run aclocal-1.11'
AMDEPBACKSLASH='\'
AMDEP_FALSE='#'
AMDEP_TRUE=''
AMTAR='$${TAR-tar}'
AUTOCONF='${SHELL} /home/edusegre/oplink/algorithms/team/src/skeleton/main/configureFiles/missing --run autoconf'
AUTOHEADER='${SHELL} /home/edusegre/oplink/algorithms/team/src/skeleton/main/configureFiles/missing --run autoheader'
AUTOMAKE='${SHELL} /home/edusegre/oplink/algorithms/team/src/skeleton/main/configureFiles/missing --run automake-1.11'
AWK='mawk'
CC='gcc'
CCDEPMODE='depmode=gcc3'
CFLAGS='-g -O2'
CPP='gcc -E'
CPPFLAGS=''
CXX='g++'
CXXDEPMODE='depmode=gcc3'
CXXFLAGS='-g -O2'
CYGPATH_W='echo'
DEFS='-DHAVE_CONFIG_H'
DEPDIR='.deps'
ECHO_C=''
ECHO_N='-n'
ECHO_T=''
EGREP='/bin/grep -E'
EXEEXT=''
Exists2VMPI_FALSE=''
Exists2VMPI_TRUE='#'
ExistsMpiCC='/usr/bin/mpiCC'
ExistsVMPI_FALSE=''
ExistsVMPI_TRUE='#'
ExistsVersMPI='1'
GREP='/bin/grep'
INSTALL_DATA='${INSTALL} -m 644'
INSTALL_PROGRAM='${INSTALL}'
INSTALL_SCRIPT='${INSTALL}'
INSTALL_STRIP_PROGRAM='$(install_sh) -c -s'
LDFLAGS=''
LEX=':'
LEXLIB=''
LEX_OUTPUT_ROOT=''
LIBOBJS=''
LIBS=''
LTLIBOBJS=''
MAKEINFO='${SHELL} /home/edusegre/oplink/algorithms/team/src/skeleton/main/configureFiles/missing --run makeinfo'
MKDIR_P='/bin/mkdir -p'
OBJEXT='o'
PACKAGE='metco'
PACKAGE_BUGREPORT=''
PACKAGE_NAME='"METCO"'
PACKAGE_STRING='"METCO" 0.54'
PACKAGE_TARNAME='-metco-'
PACKAGE_URL=''
PACKAGE_VERSION='0.54'
PATH_SEPARATOR=':'
POW_LIB=''
SET_MAKE=''
SHELL='/bin/bash'
STRIP=''
VERSION='0.54'
YACC='bison -y'
YFLAGS=''
ac_ct_CC='gcc'
ac_ct_CXX='g++'
am__EXEEXT_FALSE=''
am__EXEEXT_TRUE='#'
am__fastdepCC_FALSE='#'
am__fastdepCC_TRUE=''
am__fastdepCXX_FALSE='#'
am__fastdepCXX_TRUE=''
am__include='include'
am__isrc=''
am__leading_dot='.'
am__nodep='_no'
am__quote=''
am__tar='$${TAR-tar} chof - "$$tardir"'
am__untar='$${TAR-tar} xf -'
bindir='${exec_prefix}/bin'
build_alias=''
condMPI_FALSE=''
condMPI_TRUE='#'
condPlugins_FALSE=''
condPlugins_TRUE='#'
datadir='${datarootdir}'
datarootdir='${prefix}/share'
docdir='${datarootdir}/doc/${PACKAGE_TARNAME}'
dvidir='${docdir}'
exec_prefix='${prefix}'
host_alias=''
htmldir='${docdir}'
includedir='${prefix}/include'
infodir='${datarootdir}/info'
install_sh='${SHELL} /home/edusegre/oplink/algorithms/team/src/skeleton/main/configureFiles/install-sh'
libdir='${exec_prefix}/lib'
libexecdir='${exec_prefix}/libexec'
localedir='${datarootdir}/locale'
localstatedir='${prefix}/var'
mandir='${datarootdir}/man'
mkdir_p='/bin/mkdir -p'
mpi=''
oldincludedir='/usr/include'
pdfdir='${docdir}'
plugin_path=''
prefix='/usr/local'
program_transform_name='s,x,x,'
psdir='${docdir}'
sbindir='${exec_prefix}/sbin'
sharedstatedir='${prefix}/com'
sysconfdir='${prefix}/etc'
target_alias=''

## ----------- ##
## confdefs.h. ##
## ----------- ##

/* confdefs.h */
#define PACKAGE_NAME ""METCO""
#define PACKAGE_TARNAME "-metco-"
#define PACKAGE_VERSION "0.54"
#define PACKAGE_STRING ""METCO" 0.54"
#define PACKAGE_BUGREPORT ""
#define PACKAGE_URL ""
#define PACKAGE "metco"
#define VERSION "0.54"
#define STDC_HEADERS 1
#define HAVE_SYS_WAIT_H 1
#define HAVE_SYS_TYPES_H 1
#define HAVE_SYS_STAT_H 1
#define HAVE_STDLIB_H 1
#define HAVE_STRING_H 1
#define HAVE_MEMORY_H 1
#define HAVE_STRINGS_H 1
#define HAVE_INTTYPES_H 1
#define HAVE_STDINT_H 1
#define HAVE_UNISTD_H 1
#define HAVE_FLOAT_H 1
#define HAVE_LIMITS_H 1
#define HAVE_STDLIB_H 1
#define HAVE_STRING_H 1
#define HAVE_STRINGS_H 1
#define HAVE_SYS_TIME_H 1
#define HAVE_UNISTD_H 1
#define HAVE__BOOL 1
#define HAVE_STDBOOL_H 1
#define TIME_WITH_SYS_TIME 1
#define HAVE_STDLIB_H 1
#define HAVE_MALLOC 1
#define HAVE_STDLIB_H 1
#define HAVE_REALLOC 1
#define HAVE_VPRINTF 1
#define HAVE_GETTIMEOFDAY 1
#define HAVE_MKDIR 1
#define HAVE_STRCASECMP 1
#define HAVE_STRERROR 1

configure: exit 0
