INFO:root:Started
INFO:root:
- Running:
/home/marrero/software-metco/oplink/algorithms/team/src/skeleton/main/metcoSeq /home/marrero/software-metco/oplink/algorithms/team/scripts/experiments/KnapsackProblem//raw_metco_results /home/marrero/software-metco/oplink/algorithms/team/src/skeleton/main PlainText Knapsack_MonoGA_250_08_01_0 MonoGA Knapsack EVALUATIONS 10000 1000 0 250 0.8 0.1 0 ! /home/marrero/Proyectos/jMetalPy/resources/Knapsack_instances/KnapsackInstance_50_0_0.kp 0 - Mutate_BinaryFlip_All Crossover_BLX_Alpha $ NoOp 

INFO:root:
- Running:
/home/marrero/software-metco/oplink/algorithms/team/src/skeleton/main/metcoSeq /home/marrero/software-metco/oplink/algorithms/team/scripts/experiments/KnapsackProblem//raw_metco_results /home/marrero/software-metco/oplink/algorithms/team/src/skeleton/main PlainText Knapsack_MonoGA_250_08_01_1 MonoGA Knapsack EVALUATIONS 10000 1000 0 250 0.8 0.1 0 ! /home/marrero/Proyectos/jMetalPy/resources/Knapsack_instances/KnapsackInstance_50_0_0.kp 0 - Mutate_BinaryFlip_All Crossover_BLX_Alpha $ NoOp 

INFO:root:
- Running:
/home/marrero/software-metco/oplink/algorithms/team/src/skeleton/main/metcoSeq /home/marrero/software-metco/oplink/algorithms/team/scripts/experiments/KnapsackProblem//raw_metco_results /home/marrero/software-metco/oplink/algorithms/team/src/skeleton/main PlainText Knapsack_MonoGA_250_08_01_2 MonoGA Knapsack EVALUATIONS 10000 1000 0 250 0.8 0.1 0 ! /home/marrero/Proyectos/jMetalPy/resources/Knapsack_instances/KnapsackInstance_50_0_0.kp 0 - Mutate_BinaryFlip_All Crossover_BLX_Alpha $ NoOp 

INFO:root:
- Running:
/home/marrero/software-metco/oplink/algorithms/team/src/skeleton/main/metcoSeq /home/marrero/software-metco/oplink/algorithms/team/scripts/experiments/KnapsackProblem//raw_metco_results /home/marrero/software-metco/oplink/algorithms/team/src/skeleton/main PlainText Knapsack_MonoGA_250_08_01_3 MonoGA Knapsack EVALUATIONS 10000 1000 0 250 0.8 0.1 0 ! /home/marrero/Proyectos/jMetalPy/resources/Knapsack_instances/KnapsackInstance_50_0_0.kp 0 - Mutate_BinaryFlip_All Crossover_BLX_Alpha $ NoOp 

INFO:root:
- Running:
/home/marrero/software-metco/oplink/algorithms/team/src/skeleton/main/metcoSeq /home/marrero/software-metco/oplink/algorithms/team/scripts/experiments/KnapsackProblem//raw_metco_results /home/marrero/software-metco/oplink/algorithms/team/src/skeleton/main PlainText Knapsack_MonoGA_250_08_01_4 MonoGA Knapsack EVALUATIONS 10000 1000 0 250 0.8 0.1 0 ! /home/marrero/Proyectos/jMetalPy/resources/Knapsack_instances/KnapsackInstance_50_0_0.kp 0 - Mutate_BinaryFlip_All Crossover_BLX_Alpha $ NoOp 

INFO:root:
- Running:
/home/marrero/software-metco/oplink/algorithms/team/src/skeleton/main/metcoSeq /home/marrero/software-metco/oplink/algorithms/team/scripts/experiments/KnapsackProblem//raw_metco_results /home/marrero/software-metco/oplink/algorithms/team/src/skeleton/main PlainText Knapsack_MonoGA_250_08_01_5 MonoGA Knapsack EVALUATIONS 10000 1000 0 250 0.8 0.1 0 ! /home/marrero/Proyectos/jMetalPy/resources/Knapsack_instances/KnapsackInstance_50_0_0.kp 0 - Mutate_BinaryFlip_All Crossover_BLX_Alpha $ NoOp 

INFO:root:
- Running:
/home/marrero/software-metco/oplink/algorithms/team/src/skeleton/main/metcoSeq /home/marrero/software-metco/oplink/algorithms/team/scripts/experiments/KnapsackProblem//raw_metco_results /home/marrero/software-metco/oplink/algorithms/team/src/skeleton/main PlainText Knapsack_MonoGA_250_08_01_6 MonoGA Knapsack EVALUATIONS 10000 1000 0 250 0.8 0.1 0 ! /home/marrero/Proyectos/jMetalPy/resources/Knapsack_instances/KnapsackInstance_50_0_0.kp 0 - Mutate_BinaryFlip_All Crossover_BLX_Alpha $ NoOp 

INFO:root:
- Running:
/home/marrero/software-metco/oplink/algorithms/team/src/skeleton/main/metcoSeq /home/marrero/software-metco/oplink/algorithms/team/scripts/experiments/KnapsackProblem//raw_metco_results /home/marrero/software-metco/oplink/algorithms/team/src/skeleton/main PlainText Knapsack_MonoGA_250_08_01_7 MonoGA Knapsack EVALUATIONS 10000 1000 0 250 0.8 0.1 0 ! /home/marrero/Proyectos/jMetalPy/resources/Knapsack_instances/KnapsackInstance_50_0_0.kp 0 - Mutate_BinaryFlip_All Crossover_BLX_Alpha $ NoOp 

INFO:root:
- Running:
/home/marrero/software-metco/oplink/algorithms/team/src/skeleton/main/metcoSeq /home/marrero/software-metco/oplink/algorithms/team/scripts/experiments/KnapsackProblem//raw_metco_results /home/marrero/software-metco/oplink/algorithms/team/src/skeleton/main PlainText Knapsack_MonoGA_250_08_01_8 MonoGA Knapsack EVALUATIONS 10000 1000 0 250 0.8 0.1 0 ! /home/marrero/Proyectos/jMetalPy/resources/Knapsack_instances/KnapsackInstance_50_0_0.kp 0 - Mutate_BinaryFlip_All Crossover_BLX_Alpha $ NoOp 

INFO:root:
- Running:
/home/marrero/software-metco/oplink/algorithms/team/src/skeleton/main/metcoSeq /home/marrero/software-metco/oplink/algorithms/team/scripts/experiments/KnapsackProblem//raw_metco_results /home/marrero/software-metco/oplink/algorithms/team/src/skeleton/main PlainText Knapsack_MonoGA_250_08_01_9 MonoGA Knapsack EVALUATIONS 10000 1000 0 250 0.8 0.1 0 ! /home/marrero/Proyectos/jMetalPy/resources/Knapsack_instances/KnapsackInstance_50_0_0.kp 0 - Mutate_BinaryFlip_All Crossover_BLX_Alpha $ NoOp 

INFO:root:
- Running:
/home/marrero/software-metco/oplink/algorithms/team/src/skeleton/main/metcoSeq /home/marrero/software-metco/oplink/algorithms/team/scripts/experiments/KnapsackProblem//raw_metco_results /home/marrero/software-metco/oplink/algorithms/team/src/skeleton/main PlainText Knapsack_MonoGA_250_08_01_11 MonoGA Knapsack EVALUATIONS 10000 1000 0 250 0.8 0.1 0 ! /home/marrero/Proyectos/jMetalPy/resources/Knapsack_instances/KnapsackInstance_50_0_0.kp 0 - Mutate_BinaryFlip_All Crossover_BLX_Alpha $ NoOp 

INFO:root:
- Running:
/home/marrero/software-metco/oplink/algorithms/team/src/skeleton/main/metcoSeq /home/marrero/software-metco/oplink/algorithms/team/scripts/experiments/KnapsackProblem//raw_metco_results /home/marrero/software-metco/oplink/algorithms/team/src/skeleton/main PlainText Knapsack_MonoGA_250_08_01_12 MonoGA Knapsack EVALUATIONS 10000 1000 0 250 0.8 0.1 0 ! /home/marrero/Proyectos/jMetalPy/resources/Knapsack_instances/KnapsackInstance_50_0_0.kp 0 - Mutate_BinaryFlip_All Crossover_BLX_Alpha $ NoOp 

INFO:root:
- Running:
/home/marrero/software-metco/oplink/algorithms/team/src/skeleton/main/metcoSeq /home/marrero/software-metco/oplink/algorithms/team/scripts/experiments/KnapsackProblem//raw_metco_results /home/marrero/software-metco/oplink/algorithms/team/src/skeleton/main PlainText Knapsack_MonoGA_250_08_01_13 MonoGA Knapsack EVALUATIONS 10000 1000 0 250 0.8 0.1 0 ! /home/marrero/Proyectos/jMetalPy/resources/Knapsack_instances/KnapsackInstance_50_0_0.kp 0 - Mutate_BinaryFlip_All Crossover_BLX_Alpha $ NoOp 

INFO:root:
- Running:
/home/marrero/software-metco/oplink/algorithms/team/src/skeleton/main/metcoSeq /home/marrero/software-metco/oplink/algorithms/team/scripts/experiments/KnapsackProblem//raw_metco_results /home/marrero/software-metco/oplink/algorithms/team/src/skeleton/main PlainText Knapsack_MonoGA_250_08_01_14 MonoGA Knapsack EVALUATIONS 10000 1000 0 250 0.8 0.1 0 ! /home/marrero/Proyectos/jMetalPy/resources/Knapsack_instances/KnapsackInstance_50_0_0.kp 0 - Mutate_BinaryFlip_All Crossover_BLX_Alpha $ NoOp 

INFO:root:
- Running:
/home/marrero/software-metco/oplink/algorithms/team/src/skeleton/main/metcoSeq /home/marrero/software-metco/oplink/algorithms/team/scripts/experiments/KnapsackProblem//raw_metco_results /home/marrero/software-metco/oplink/algorithms/team/src/skeleton/main PlainText Knapsack_MonoGA_250_08_01_15 MonoGA Knapsack EVALUATIONS 10000 1000 0 250 0.8 0.1 0 ! /home/marrero/Proyectos/jMetalPy/resources/Knapsack_instances/KnapsackInstance_50_0_0.kp 0 - Mutate_BinaryFlip_All Crossover_BLX_Alpha $ NoOp 

INFO:root:
- Running:
/home/marrero/software-metco/oplink/algorithms/team/src/skeleton/main/metcoSeq /home/marrero/software-metco/oplink/algorithms/team/scripts/experiments/KnapsackProblem//raw_metco_results /home/marrero/software-metco/oplink/algorithms/team/src/skeleton/main PlainText Knapsack_MonoGA_250_08_01_16 MonoGA Knapsack EVALUATIONS 10000 1000 0 250 0.8 0.1 0 ! /home/marrero/Proyectos/jMetalPy/resources/Knapsack_instances/KnapsackInstance_50_0_0.kp 0 - Mutate_BinaryFlip_All Crossover_BLX_Alpha $ NoOp 

INFO:root:
- Running:
/home/marrero/software-metco/oplink/algorithms/team/src/skeleton/main/metcoSeq /home/marrero/software-metco/oplink/algorithms/team/scripts/experiments/KnapsackProblem//raw_metco_results /home/marrero/software-metco/oplink/algorithms/team/src/skeleton/main PlainText Knapsack_MonoGA_250_08_01_17 MonoGA Knapsack EVALUATIONS 10000 1000 0 250 0.8 0.1 0 ! /home/marrero/Proyectos/jMetalPy/resources/Knapsack_instances/KnapsackInstance_50_0_0.kp 0 - Mutate_BinaryFlip_All Crossover_BLX_Alpha $ NoOp 

INFO:root:
- Running:
/home/marrero/software-metco/oplink/algorithms/team/src/skeleton/main/metcoSeq /home/marrero/software-metco/oplink/algorithms/team/scripts/experiments/KnapsackProblem//raw_metco_results /home/marrero/software-metco/oplink/algorithms/team/src/skeleton/main PlainText Knapsack_MonoGA_250_08_01_18 MonoGA Knapsack EVALUATIONS 10000 1000 0 250 0.8 0.1 0 ! /home/marrero/Proyectos/jMetalPy/resources/Knapsack_instances/KnapsackInstance_50_0_0.kp 0 - Mutate_BinaryFlip_All Crossover_BLX_Alpha $ NoOp 

INFO:root:
- Running:
/home/marrero/software-metco/oplink/algorithms/team/src/skeleton/main/metcoSeq /home/marrero/software-metco/oplink/algorithms/team/scripts/experiments/KnapsackProblem//raw_metco_results /home/marrero/software-metco/oplink/algorithms/team/src/skeleton/main PlainText Knapsack_MonoGA_250_08_01_19 MonoGA Knapsack EVALUATIONS 10000 1000 0 250 0.8 0.1 0 ! /home/marrero/Proyectos/jMetalPy/resources/Knapsack_instances/KnapsackInstance_50_0_0.kp 0 - Mutate_BinaryFlip_All Crossover_BLX_Alpha $ NoOp 

INFO:root:
- Running:
/home/marrero/software-metco/oplink/algorithms/team/src/skeleton/main/metcoSeq /home/marrero/software-metco/oplink/algorithms/team/scripts/experiments/KnapsackProblem//raw_metco_results /home/marrero/software-metco/oplink/algorithms/team/src/skeleton/main PlainText Knapsack_MonoGA_250_08_01_20 MonoGA Knapsack EVALUATIONS 10000 1000 0 250 0.8 0.1 0 ! /home/marrero/Proyectos/jMetalPy/resources/Knapsack_instances/KnapsackInstance_50_0_0.kp 0 - Mutate_BinaryFlip_All Crossover_BLX_Alpha $ NoOp 

INFO:root:
- Running:
/home/marrero/software-metco/oplink/algorithms/team/src/skeleton/main/metcoSeq /home/marrero/software-metco/oplink/algorithms/team/scripts/experiments/KnapsackProblem//raw_metco_results /home/marrero/software-metco/oplink/algorithms/team/src/skeleton/main PlainText Knapsack_MonoGA_250_08_01_21 MonoGA Knapsack EVALUATIONS 10000 1000 0 250 0.8 0.1 0 ! /home/marrero/Proyectos/jMetalPy/resources/Knapsack_instances/KnapsackInstance_50_0_0.kp 0 - Mutate_BinaryFlip_All Crossover_BLX_Alpha $ NoOp 

INFO:root:
- Running:
/home/marrero/software-metco/oplink/algorithms/team/src/skeleton/main/metcoSeq /home/marrero/software-metco/oplink/algorithms/team/scripts/experiments/KnapsackProblem//raw_metco_results /home/marrero/software-metco/oplink/algorithms/team/src/skeleton/main PlainText Knapsack_MonoGA_250_08_01_22 MonoGA Knapsack EVALUATIONS 10000 1000 0 250 0.8 0.1 0 ! /home/marrero/Proyectos/jMetalPy/resources/Knapsack_instances/KnapsackInstance_50_0_0.kp 0 - Mutate_BinaryFlip_All Crossover_BLX_Alpha $ NoOp 

INFO:root:
- Running:
/home/marrero/software-metco/oplink/algorithms/team/src/skeleton/main/metcoSeq /home/marrero/software-metco/oplink/algorithms/team/scripts/experiments/KnapsackProblem//raw_metco_results /home/marrero/software-metco/oplink/algorithms/team/src/skeleton/main PlainText Knapsack_MonoGA_250_08_01_23 MonoGA Knapsack EVALUATIONS 10000 1000 0 250 0.8 0.1 0 ! /home/marrero/Proyectos/jMetalPy/resources/Knapsack_instances/KnapsackInstance_50_0_0.kp 0 - Mutate_BinaryFlip_All Crossover_BLX_Alpha $ NoOp 

INFO:root:
- Running:
/home/marrero/software-metco/oplink/algorithms/team/src/skeleton/main/metcoSeq /home/marrero/software-metco/oplink/algorithms/team/scripts/experiments/KnapsackProblem//raw_metco_results /home/marrero/software-metco/oplink/algorithms/team/src/skeleton/main PlainText Knapsack_MonoGA_250_08_01_24 MonoGA Knapsack EVALUATIONS 10000 1000 0 250 0.8 0.1 0 ! /home/marrero/Proyectos/jMetalPy/resources/Knapsack_instances/KnapsackInstance_50_0_0.kp 0 - Mutate_BinaryFlip_All Crossover_BLX_Alpha $ NoOp 

INFO:root:
- Running:
/home/marrero/software-metco/oplink/algorithms/team/src/skeleton/main/metcoSeq /home/marrero/software-metco/oplink/algorithms/team/scripts/experiments/KnapsackProblem//raw_metco_results /home/marrero/software-metco/oplink/algorithms/team/src/skeleton/main PlainText Knapsack_MonoGA_250_08_01_25 MonoGA Knapsack EVALUATIONS 10000 1000 0 250 0.8 0.1 0 ! /home/marrero/Proyectos/jMetalPy/resources/Knapsack_instances/KnapsackInstance_50_0_0.kp 0 - Mutate_BinaryFlip_All Crossover_BLX_Alpha $ NoOp 

INFO:root:
- Running:
/home/marrero/software-metco/oplink/algorithms/team/src/skeleton/main/metcoSeq /home/marrero/software-metco/oplink/algorithms/team/scripts/experiments/KnapsackProblem//raw_metco_results /home/marrero/software-metco/oplink/algorithms/team/src/skeleton/main PlainText Knapsack_MonoGA_250_08_01_26 MonoGA Knapsack EVALUATIONS 10000 1000 0 250 0.8 0.1 0 ! /home/marrero/Proyectos/jMetalPy/resources/Knapsack_instances/KnapsackInstance_50_0_0.kp 0 - Mutate_BinaryFlip_All Crossover_BLX_Alpha $ NoOp 

INFO:root:
- Running:
/home/marrero/software-metco/oplink/algorithms/team/src/skeleton/main/metcoSeq /home/marrero/software-metco/oplink/algorithms/team/scripts/experiments/KnapsackProblem//raw_metco_results /home/marrero/software-metco/oplink/algorithms/team/src/skeleton/main PlainText Knapsack_MonoGA_250_08_01_27 MonoGA Knapsack EVALUATIONS 10000 1000 0 250 0.8 0.1 0 ! /home/marrero/Proyectos/jMetalPy/resources/Knapsack_instances/KnapsackInstance_50_0_0.kp 0 - Mutate_BinaryFlip_All Crossover_BLX_Alpha $ NoOp 

INFO:root:
- Running:
/home/marrero/software-metco/oplink/algorithms/team/src/skeleton/main/metcoSeq /home/marrero/software-metco/oplink/algorithms/team/scripts/experiments/KnapsackProblem//raw_metco_results /home/marrero/software-metco/oplink/algorithms/team/src/skeleton/main PlainText Knapsack_MonoGA_250_08_01_28 MonoGA Knapsack EVALUATIONS 10000 1000 0 250 0.8 0.1 0 ! /home/marrero/Proyectos/jMetalPy/resources/Knapsack_instances/KnapsackInstance_50_0_0.kp 0 - Mutate_BinaryFlip_All Crossover_BLX_Alpha $ NoOp 

INFO:root:
- Running:
/home/marrero/software-metco/oplink/algorithms/team/src/skeleton/main/metcoSeq /home/marrero/software-metco/oplink/algorithms/team/scripts/experiments/KnapsackProblem//raw_metco_results /home/marrero/software-metco/oplink/algorithms/team/src/skeleton/main PlainText Knapsack_MonoGA_250_08_01_29 MonoGA Knapsack EVALUATIONS 10000 1000 0 250 0.8 0.1 0 ! /home/marrero/Proyectos/jMetalPy/resources/Knapsack_instances/KnapsackInstance_50_0_0.kp 0 - Mutate_BinaryFlip_All Crossover_BLX_Alpha $ NoOp 

INFO:root:
- Running:
/home/marrero/software-metco/oplink/algorithms/team/src/skeleton/main/metcoSeq /home/marrero/software-metco/oplink/algorithms/team/scripts/experiments/KnapsackProblem//raw_metco_results /home/marrero/software-metco/oplink/algorithms/team/src/skeleton/main PlainText Knapsack_MonoGA_150_08_01_0 MonoGA Knapsack EVALUATIONS 10000 1000 0 150 0.8 0.1 0 ! /home/marrero/Proyectos/jMetalPy/resources/Knapsack_instances/KnapsackInstance_50_0_0.kp 0 - Mutate_BinaryFlip_All Crossover_BLX_Alpha $ NoOp 

INFO:root:
- Running:
/home/marrero/software-metco/oplink/algorithms/team/src/skeleton/main/metcoSeq /home/marrero/software-metco/oplink/algorithms/team/scripts/experiments/KnapsackProblem//raw_metco_results /home/marrero/software-metco/oplink/algorithms/team/src/skeleton/main PlainText Knapsack_MonoGA_150_08_01_1 MonoGA Knapsack EVALUATIONS 10000 1000 0 150 0.8 0.1 0 ! /home/marrero/Proyectos/jMetalPy/resources/Knapsack_instances/KnapsackInstance_50_0_0.kp 0 - Mutate_BinaryFlip_All Crossover_BLX_Alpha $ NoOp 

INFO:root:
- Running:
/home/marrero/software-metco/oplink/algorithms/team/src/skeleton/main/metcoSeq /home/marrero/software-metco/oplink/algorithms/team/scripts/experiments/KnapsackProblem//raw_metco_results /home/marrero/software-metco/oplink/algorithms/team/src/skeleton/main PlainText Knapsack_MonoGA_150_08_01_2 MonoGA Knapsack EVALUATIONS 10000 1000 0 150 0.8 0.1 0 ! /home/marrero/Proyectos/jMetalPy/resources/Knapsack_instances/KnapsackInstance_50_0_0.kp 0 - Mutate_BinaryFlip_All Crossover_BLX_Alpha $ NoOp 

INFO:root:
- Running:
/home/marrero/software-metco/oplink/algorithms/team/src/skeleton/main/metcoSeq /home/marrero/software-metco/oplink/algorithms/team/scripts/experiments/KnapsackProblem//raw_metco_results /home/marrero/software-metco/oplink/algorithms/team/src/skeleton/main PlainText Knapsack_MonoGA_150_08_01_3 MonoGA Knapsack EVALUATIONS 10000 1000 0 150 0.8 0.1 0 ! /home/marrero/Proyectos/jMetalPy/resources/Knapsack_instances/KnapsackInstance_50_0_0.kp 0 - Mutate_BinaryFlip_All Crossover_BLX_Alpha $ NoOp 

INFO:root:
- Running:
/home/marrero/software-metco/oplink/algorithms/team/src/skeleton/main/metcoSeq /home/marrero/software-metco/oplink/algorithms/team/scripts/experiments/KnapsackProblem//raw_metco_results /home/marrero/software-metco/oplink/algorithms/team/src/skeleton/main PlainText Knapsack_MonoGA_150_08_01_4 MonoGA Knapsack EVALUATIONS 10000 1000 0 150 0.8 0.1 0 ! /home/marrero/Proyectos/jMetalPy/resources/Knapsack_instances/KnapsackInstance_50_0_0.kp 0 - Mutate_BinaryFlip_All Crossover_BLX_Alpha $ NoOp 

INFO:root:
- Running:
/home/marrero/software-metco/oplink/algorithms/team/src/skeleton/main/metcoSeq /home/marrero/software-metco/oplink/algorithms/team/scripts/experiments/KnapsackProblem//raw_metco_results /home/marrero/software-metco/oplink/algorithms/team/src/skeleton/main PlainText Knapsack_MonoGA_150_08_01_5 MonoGA Knapsack EVALUATIONS 10000 1000 0 150 0.8 0.1 0 ! /home/marrero/Proyectos/jMetalPy/resources/Knapsack_instances/KnapsackInstance_50_0_0.kp 0 - Mutate_BinaryFlip_All Crossover_BLX_Alpha $ NoOp 

INFO:root:
- Running:
/home/marrero/software-metco/oplink/algorithms/team/src/skeleton/main/metcoSeq /home/marrero/software-metco/oplink/algorithms/team/scripts/experiments/KnapsackProblem//raw_metco_results /home/marrero/software-metco/oplink/algorithms/team/src/skeleton/main PlainText Knapsack_MonoGA_150_08_01_6 MonoGA Knapsack EVALUATIONS 10000 1000 0 150 0.8 0.1 0 ! /home/marrero/Proyectos/jMetalPy/resources/Knapsack_instances/KnapsackInstance_50_0_0.kp 0 - Mutate_BinaryFlip_All Crossover_BLX_Alpha $ NoOp 

INFO:root:
- Running:
/home/marrero/software-metco/oplink/algorithms/team/src/skeleton/main/metcoSeq /home/marrero/software-metco/oplink/algorithms/team/scripts/experiments/KnapsackProblem//raw_metco_results /home/marrero/software-metco/oplink/algorithms/team/src/skeleton/main PlainText Knapsack_MonoGA_150_08_01_7 MonoGA Knapsack EVALUATIONS 10000 1000 0 150 0.8 0.1 0 ! /home/marrero/Proyectos/jMetalPy/resources/Knapsack_instances/KnapsackInstance_50_0_0.kp 0 - Mutate_BinaryFlip_All Crossover_BLX_Alpha $ NoOp 

INFO:root:
- Running:
/home/marrero/software-metco/oplink/algorithms/team/src/skeleton/main/metcoSeq /home/marrero/software-metco/oplink/algorithms/team/scripts/experiments/KnapsackProblem//raw_metco_results /home/marrero/software-metco/oplink/algorithms/team/src/skeleton/main PlainText Knapsack_MonoGA_150_08_01_8 MonoGA Knapsack EVALUATIONS 10000 1000 0 150 0.8 0.1 0 ! /home/marrero/Proyectos/jMetalPy/resources/Knapsack_instances/KnapsackInstance_50_0_0.kp 0 - Mutate_BinaryFlip_All Crossover_BLX_Alpha $ NoOp 

INFO:root:
- Running:
/home/marrero/software-metco/oplink/algorithms/team/src/skeleton/main/metcoSeq /home/marrero/software-metco/oplink/algorithms/team/scripts/experiments/KnapsackProblem//raw_metco_results /home/marrero/software-metco/oplink/algorithms/team/src/skeleton/main PlainText Knapsack_MonoGA_150_08_01_9 MonoGA Knapsack EVALUATIONS 10000 1000 0 150 0.8 0.1 0 ! /home/marrero/Proyectos/jMetalPy/resources/Knapsack_instances/KnapsackInstance_50_0_0.kp 0 - Mutate_BinaryFlip_All Crossover_BLX_Alpha $ NoOp 

INFO:root:
- Running:
/home/marrero/software-metco/oplink/algorithms/team/src/skeleton/main/metcoSeq /home/marrero/software-metco/oplink/algorithms/team/scripts/experiments/KnapsackProblem//raw_metco_results /home/marrero/software-metco/oplink/algorithms/team/src/skeleton/main PlainText Knapsack_MonoGA_150_08_01_10 MonoGA Knapsack EVALUATIONS 10000 1000 0 150 0.8 0.1 0 ! /home/marrero/Proyectos/jMetalPy/resources/Knapsack_instances/KnapsackInstance_50_0_0.kp 0 - Mutate_BinaryFlip_All Crossover_BLX_Alpha $ NoOp 

INFO:root:
- Running:
/home/marrero/software-metco/oplink/algorithms/team/src/skeleton/main/metcoSeq /home/marrero/software-metco/oplink/algorithms/team/scripts/experiments/KnapsackProblem//raw_metco_results /home/marrero/software-metco/oplink/algorithms/team/src/skeleton/main PlainText Knapsack_MonoGA_150_08_01_11 MonoGA Knapsack EVALUATIONS 10000 1000 0 150 0.8 0.1 0 ! /home/marrero/Proyectos/jMetalPy/resources/Knapsack_instances/KnapsackInstance_50_0_0.kp 0 - Mutate_BinaryFlip_All Crossover_BLX_Alpha $ NoOp 

INFO:root:
- Running:
/home/marrero/software-metco/oplink/algorithms/team/src/skeleton/main/metcoSeq /home/marrero/software-metco/oplink/algorithms/team/scripts/experiments/KnapsackProblem//raw_metco_results /home/marrero/software-metco/oplink/algorithms/team/src/skeleton/main PlainText Knapsack_MonoGA_150_08_01_12 MonoGA Knapsack EVALUATIONS 10000 1000 0 150 0.8 0.1 0 ! /home/marrero/Proyectos/jMetalPy/resources/Knapsack_instances/KnapsackInstance_50_0_0.kp 0 - Mutate_BinaryFlip_All Crossover_BLX_Alpha $ NoOp 

INFO:root:
- Running:
/home/marrero/software-metco/oplink/algorithms/team/src/skeleton/main/metcoSeq /home/marrero/software-metco/oplink/algorithms/team/scripts/experiments/KnapsackProblem//raw_metco_results /home/marrero/software-metco/oplink/algorithms/team/src/skeleton/main PlainText Knapsack_MonoGA_150_08_01_13 MonoGA Knapsack EVALUATIONS 10000 1000 0 150 0.8 0.1 0 ! /home/marrero/Proyectos/jMetalPy/resources/Knapsack_instances/KnapsackInstance_50_0_0.kp 0 - Mutate_BinaryFlip_All Crossover_BLX_Alpha $ NoOp 

INFO:root:
- Running:
/home/marrero/software-metco/oplink/algorithms/team/src/skeleton/main/metcoSeq /home/marrero/software-metco/oplink/algorithms/team/scripts/experiments/KnapsackProblem//raw_metco_results /home/marrero/software-metco/oplink/algorithms/team/src/skeleton/main PlainText Knapsack_MonoGA_150_08_01_14 MonoGA Knapsack EVALUATIONS 10000 1000 0 150 0.8 0.1 0 ! /home/marrero/Proyectos/jMetalPy/resources/Knapsack_instances/KnapsackInstance_50_0_0.kp 0 - Mutate_BinaryFlip_All Crossover_BLX_Alpha $ NoOp 

INFO:root:
- Running:
/home/marrero/software-metco/oplink/algorithms/team/src/skeleton/main/metcoSeq /home/marrero/software-metco/oplink/algorithms/team/scripts/experiments/KnapsackProblem//raw_metco_results /home/marrero/software-metco/oplink/algorithms/team/src/skeleton/main PlainText Knapsack_MonoGA_150_08_01_15 MonoGA Knapsack EVALUATIONS 10000 1000 0 150 0.8 0.1 0 ! /home/marrero/Proyectos/jMetalPy/resources/Knapsack_instances/KnapsackInstance_50_0_0.kp 0 - Mutate_BinaryFlip_All Crossover_BLX_Alpha $ NoOp 

INFO:root:
- Running:
/home/marrero/software-metco/oplink/algorithms/team/src/skeleton/main/metcoSeq /home/marrero/software-metco/oplink/algorithms/team/scripts/experiments/KnapsackProblem//raw_metco_results /home/marrero/software-metco/oplink/algorithms/team/src/skeleton/main PlainText Knapsack_MonoGA_150_08_01_16 MonoGA Knapsack EVALUATIONS 10000 1000 0 150 0.8 0.1 0 ! /home/marrero/Proyectos/jMetalPy/resources/Knapsack_instances/KnapsackInstance_50_0_0.kp 0 - Mutate_BinaryFlip_All Crossover_BLX_Alpha $ NoOp 

INFO:root:
- Running:
/home/marrero/software-metco/oplink/algorithms/team/src/skeleton/main/metcoSeq /home/marrero/software-metco/oplink/algorithms/team/scripts/experiments/KnapsackProblem//raw_metco_results /home/marrero/software-metco/oplink/algorithms/team/src/skeleton/main PlainText Knapsack_MonoGA_150_08_01_17 MonoGA Knapsack EVALUATIONS 10000 1000 0 150 0.8 0.1 0 ! /home/marrero/Proyectos/jMetalPy/resources/Knapsack_instances/KnapsackInstance_50_0_0.kp 0 - Mutate_BinaryFlip_All Crossover_BLX_Alpha $ NoOp 

INFO:root:
- Running:
/home/marrero/software-metco/oplink/algorithms/team/src/skeleton/main/metcoSeq /home/marrero/software-metco/oplink/algorithms/team/scripts/experiments/KnapsackProblem//raw_metco_results /home/marrero/software-metco/oplink/algorithms/team/src/skeleton/main PlainText Knapsack_MonoGA_150_08_01_18 MonoGA Knapsack EVALUATIONS 10000 1000 0 150 0.8 0.1 0 ! /home/marrero/Proyectos/jMetalPy/resources/Knapsack_instances/KnapsackInstance_50_0_0.kp 0 - Mutate_BinaryFlip_All Crossover_BLX_Alpha $ NoOp 

INFO:root:
- Running:
/home/marrero/software-metco/oplink/algorithms/team/src/skeleton/main/metcoSeq /home/marrero/software-metco/oplink/algorithms/team/scripts/experiments/KnapsackProblem//raw_metco_results /home/marrero/software-metco/oplink/algorithms/team/src/skeleton/main PlainText Knapsack_MonoGA_150_08_01_19 MonoGA Knapsack EVALUATIONS 10000 1000 0 150 0.8 0.1 0 ! /home/marrero/Proyectos/jMetalPy/resources/Knapsack_instances/KnapsackInstance_50_0_0.kp 0 - Mutate_BinaryFlip_All Crossover_BLX_Alpha $ NoOp 

INFO:root:
- Running:
/home/marrero/software-metco/oplink/algorithms/team/src/skeleton/main/metcoSeq /home/marrero/software-metco/oplink/algorithms/team/scripts/experiments/KnapsackProblem//raw_metco_results /home/marrero/software-metco/oplink/algorithms/team/src/skeleton/main PlainText Knapsack_MonoGA_150_08_01_20 MonoGA Knapsack EVALUATIONS 10000 1000 0 150 0.8 0.1 0 ! /home/marrero/Proyectos/jMetalPy/resources/Knapsack_instances/KnapsackInstance_50_0_0.kp 0 - Mutate_BinaryFlip_All Crossover_BLX_Alpha $ NoOp 

INFO:root:
- Running:
/home/marrero/software-metco/oplink/algorithms/team/src/skeleton/main/metcoSeq /home/marrero/software-metco/oplink/algorithms/team/scripts/experiments/KnapsackProblem//raw_metco_results /home/marrero/software-metco/oplink/algorithms/team/src/skeleton/main PlainText Knapsack_MonoGA_150_08_01_21 MonoGA Knapsack EVALUATIONS 10000 1000 0 150 0.8 0.1 0 ! /home/marrero/Proyectos/jMetalPy/resources/Knapsack_instances/KnapsackInstance_50_0_0.kp 0 - Mutate_BinaryFlip_All Crossover_BLX_Alpha $ NoOp 

INFO:root:
- Running:
/home/marrero/software-metco/oplink/algorithms/team/src/skeleton/main/metcoSeq /home/marrero/software-metco/oplink/algorithms/team/scripts/experiments/KnapsackProblem//raw_metco_results /home/marrero/software-metco/oplink/algorithms/team/src/skeleton/main PlainText Knapsack_MonoGA_150_08_01_22 MonoGA Knapsack EVALUATIONS 10000 1000 0 150 0.8 0.1 0 ! /home/marrero/Proyectos/jMetalPy/resources/Knapsack_instances/KnapsackInstance_50_0_0.kp 0 - Mutate_BinaryFlip_All Crossover_BLX_Alpha $ NoOp 

INFO:root:
- Running:
/home/marrero/software-metco/oplink/algorithms/team/src/skeleton/main/metcoSeq /home/marrero/software-metco/oplink/algorithms/team/scripts/experiments/KnapsackProblem//raw_metco_results /home/marrero/software-metco/oplink/algorithms/team/src/skeleton/main PlainText Knapsack_MonoGA_150_08_01_23 MonoGA Knapsack EVALUATIONS 10000 1000 0 150 0.8 0.1 0 ! /home/marrero/Proyectos/jMetalPy/resources/Knapsack_instances/KnapsackInstance_50_0_0.kp 0 - Mutate_BinaryFlip_All Crossover_BLX_Alpha $ NoOp 

INFO:root:
- Running:
/home/marrero/software-metco/oplink/algorithms/team/src/skeleton/main/metcoSeq /home/marrero/software-metco/oplink/algorithms/team/scripts/experiments/KnapsackProblem//raw_metco_results /home/marrero/software-metco/oplink/algorithms/team/src/skeleton/main PlainText Knapsack_MonoGA_150_08_01_24 MonoGA Knapsack EVALUATIONS 10000 1000 0 150 0.8 0.1 0 ! /home/marrero/Proyectos/jMetalPy/resources/Knapsack_instances/KnapsackInstance_50_0_0.kp 0 - Mutate_BinaryFlip_All Crossover_BLX_Alpha $ NoOp 

INFO:root:
- Running:
/home/marrero/software-metco/oplink/algorithms/team/src/skeleton/main/metcoSeq /home/marrero/software-metco/oplink/algorithms/team/scripts/experiments/KnapsackProblem//raw_metco_results /home/marrero/software-metco/oplink/algorithms/team/src/skeleton/main PlainText Knapsack_MonoGA_150_08_01_25 MonoGA Knapsack EVALUATIONS 10000 1000 0 150 0.8 0.1 0 ! /home/marrero/Proyectos/jMetalPy/resources/Knapsack_instances/KnapsackInstance_50_0_0.kp 0 - Mutate_BinaryFlip_All Crossover_BLX_Alpha $ NoOp 

INFO:root:
- Running:
/home/marrero/software-metco/oplink/algorithms/team/src/skeleton/main/metcoSeq /home/marrero/software-metco/oplink/algorithms/team/scripts/experiments/KnapsackProblem//raw_metco_results /home/marrero/software-metco/oplink/algorithms/team/src/skeleton/main PlainText Knapsack_MonoGA_150_08_01_26 MonoGA Knapsack EVALUATIONS 10000 1000 0 150 0.8 0.1 0 ! /home/marrero/Proyectos/jMetalPy/resources/Knapsack_instances/KnapsackInstance_50_0_0.kp 0 - Mutate_BinaryFlip_All Crossover_BLX_Alpha $ NoOp 

INFO:root:
- Running:
/home/marrero/software-metco/oplink/algorithms/team/src/skeleton/main/metcoSeq /home/marrero/software-metco/oplink/algorithms/team/scripts/experiments/KnapsackProblem//raw_metco_results /home/marrero/software-metco/oplink/algorithms/team/src/skeleton/main PlainText Knapsack_MonoGA_150_08_01_27 MonoGA Knapsack EVALUATIONS 10000 1000 0 150 0.8 0.1 0 ! /home/marrero/Proyectos/jMetalPy/resources/Knapsack_instances/KnapsackInstance_50_0_0.kp 0 - Mutate_BinaryFlip_All Crossover_BLX_Alpha $ NoOp 

INFO:root:
- Running:
/home/marrero/software-metco/oplink/algorithms/team/src/skeleton/main/metcoSeq /home/marrero/software-metco/oplink/algorithms/team/scripts/experiments/KnapsackProblem//raw_metco_results /home/marrero/software-metco/oplink/algorithms/team/src/skeleton/main PlainText Knapsack_MonoGA_150_08_01_28 MonoGA Knapsack EVALUATIONS 10000 1000 0 150 0.8 0.1 0 ! /home/marrero/Proyectos/jMetalPy/resources/Knapsack_instances/KnapsackInstance_50_0_0.kp 0 - Mutate_BinaryFlip_All Crossover_BLX_Alpha $ NoOp 

INFO:root:
- Running:
/home/marrero/software-metco/oplink/algorithms/team/src/skeleton/main/metcoSeq /home/marrero/software-metco/oplink/algorithms/team/scripts/experiments/KnapsackProblem//raw_metco_results /home/marrero/software-metco/oplink/algorithms/team/src/skeleton/main PlainText Knapsack_MonoGA_150_08_01_29 MonoGA Knapsack EVALUATIONS 10000 1000 0 150 0.8 0.1 0 ! /home/marrero/Proyectos/jMetalPy/resources/Knapsack_instances/KnapsackInstance_50_0_0.kp 0 - Mutate_BinaryFlip_All Crossover_BLX_Alpha $ NoOp 

INFO:root:Done
INFO:root:Finished
